Analysis & Elaboration report for procesor_1
Mon Dec  4 20:51:16 2023
Quartus Prime Version 22.1std.1 Build 917 02/14/2023 SC Lite Edition


---------------------
; Table of Contents ;
---------------------
  1. Legal Notice
  2. Analysis & Elaboration Summary
  3. Parallel Compilation
  4. Analysis & Elaboration Settings
  5. Port Connectivity Checks: "demultiplekser_wyjsc:demultiplekser_wyjsc_wire"
  6. Port Connectivity Checks: "multiplekser_wejsc:multiplekser_wejsc_wire"
  7. Port Connectivity Checks: "mux_rejestr:mux_rejestr_wire"
  8. Port Connectivity Checks: "demux_rejestr:demux_rejestr_wire"
  9. Analysis & Elaboration Messages



----------------
; Legal Notice ;
----------------
Copyright (C) 2023  Intel Corporation. All rights reserved.
Your use of Intel Corporation's design tools, logic functions 
and other software and tools, and any partner logic 
functions, and any output files from any of the foregoing 
(including device programming or simulation files), and any 
associated documentation or information are expressly subject 
to the terms and conditions of the Intel Program License 
Subscription Agreement, the Intel Quartus Prime License Agreement,
the Intel FPGA IP License Agreement, or other applicable license
agreement, including, without limitation, that your use is for
the sole purpose of programming logic devices manufactured by
Intel and sold by Intel or its authorized distributors.  Please
refer to the applicable agreement for further details, at
https://fpgasoftware.intel.com/eula.



+--------------------------------------------------------------------------------+
; Analysis & Elaboration Summary                                                 ;
+-------------------------------+------------------------------------------------+
; Analysis & Elaboration Status ; Successful - Mon Dec  4 20:51:16 2023          ;
; Quartus Prime Version         ; 22.1std.1 Build 917 02/14/2023 SC Lite Edition ;
; Revision Name                 ; procesor_1                                     ;
; Top-level Entity Name         ; procesor_1                                     ;
; Family                        ; Cyclone V                                      ;
; Logic utilization (in ALMs)   ; N/A until Partition Merge                      ;
; Total registers               ; N/A until Partition Merge                      ;
; Total pins                    ; N/A until Partition Merge                      ;
; Total virtual pins            ; N/A until Partition Merge                      ;
; Total block memory bits       ; N/A until Partition Merge                      ;
; Total PLLs                    ; N/A until Partition Merge                      ;
; Total DLLs                    ; N/A until Partition Merge                      ;
+-------------------------------+------------------------------------------------+


+------------------------------------------+
; Parallel Compilation                     ;
+----------------------------+-------------+
; Processors                 ; Number      ;
+----------------------------+-------------+
; Number detected on machine ; 12          ;
; Maximum allowed            ; 6           ;
;                            ;             ;
; Average used               ; 1.00        ;
; Maximum used               ; 1           ;
;                            ;             ;
; Usage by Processor         ; % Time Used ;
;     Processor 1            ; 100.0%      ;
+----------------------------+-------------+


+---------------------------------------------------------------------------------------------------------------------------+
; Analysis & Elaboration Settings                                                                                           ;
+---------------------------------------------------------------------------------+--------------------+--------------------+
; Option                                                                          ; Setting            ; Default Value      ;
+---------------------------------------------------------------------------------+--------------------+--------------------+
; Device                                                                          ; 5CGXFC7C7F23C8     ;                    ;
; Top-level entity name                                                           ; procesor_1         ; procesor_1         ;
; Family name                                                                     ; Cyclone V          ; Cyclone V          ;
; Use smart compilation                                                           ; Off                ; Off                ;
; Enable parallel Assembler and Timing Analyzer during compilation                ; On                 ; On                 ;
; Enable compact report table                                                     ; Off                ; Off                ;
; Restructure Multiplexers                                                        ; Auto               ; Auto               ;
; MLAB Add Timing Constraints For Mixed-Port Feed-Through Mode Setting Don't Care ; Off                ; Off                ;
; Create Debugging Nodes for IP Cores                                             ; Off                ; Off                ;
; Preserve fewer node names                                                       ; On                 ; On                 ;
; Intel FPGA IP Evaluation Mode                                                   ; Enable             ; Enable             ;
; Verilog Version                                                                 ; Verilog_2001       ; Verilog_2001       ;
; VHDL Version                                                                    ; VHDL_1993          ; VHDL_1993          ;
; State Machine Processing                                                        ; Auto               ; Auto               ;
; Safe State Machine                                                              ; Off                ; Off                ;
; Extract Verilog State Machines                                                  ; On                 ; On                 ;
; Extract VHDL State Machines                                                     ; On                 ; On                 ;
; Ignore Verilog initial constructs                                               ; Off                ; Off                ;
; Iteration limit for constant Verilog loops                                      ; 5000               ; 5000               ;
; Iteration limit for non-constant Verilog loops                                  ; 250                ; 250                ;
; Add Pass-Through Logic to Inferred RAMs                                         ; On                 ; On                 ;
; Infer RAMs from Raw Logic                                                       ; On                 ; On                 ;
; Parallel Synthesis                                                              ; On                 ; On                 ;
; DSP Block Balancing                                                             ; Auto               ; Auto               ;
; NOT Gate Push-Back                                                              ; On                 ; On                 ;
; Power-Up Don't Care                                                             ; On                 ; On                 ;
; Remove Redundant Logic Cells                                                    ; Off                ; Off                ;
; Remove Duplicate Registers                                                      ; On                 ; On                 ;
; Ignore CARRY Buffers                                                            ; Off                ; Off                ;
; Ignore CASCADE Buffers                                                          ; Off                ; Off                ;
; Ignore GLOBAL Buffers                                                           ; Off                ; Off                ;
; Ignore ROW GLOBAL Buffers                                                       ; Off                ; Off                ;
; Ignore LCELL Buffers                                                            ; Off                ; Off                ;
; Ignore SOFT Buffers                                                             ; On                 ; On                 ;
; Limit AHDL Integers to 32 Bits                                                  ; Off                ; Off                ;
; Optimization Technique                                                          ; Balanced           ; Balanced           ;
; Carry Chain Length                                                              ; 70                 ; 70                 ;
; Auto Carry Chains                                                               ; On                 ; On                 ;
; Auto Open-Drain Pins                                                            ; On                 ; On                 ;
; Perform WYSIWYG Primitive Resynthesis                                           ; Off                ; Off                ;
; Auto ROM Replacement                                                            ; On                 ; On                 ;
; Auto RAM Replacement                                                            ; On                 ; On                 ;
; Auto DSP Block Replacement                                                      ; On                 ; On                 ;
; Auto Shift Register Replacement                                                 ; Auto               ; Auto               ;
; Allow Shift Register Merging across Hierarchies                                 ; Auto               ; Auto               ;
; Auto Clock Enable Replacement                                                   ; On                 ; On                 ;
; Strict RAM Replacement                                                          ; Off                ; Off                ;
; Allow Synchronous Control Signals                                               ; On                 ; On                 ;
; Force Use of Synchronous Clear Signals                                          ; Off                ; Off                ;
; Auto Resource Sharing                                                           ; Off                ; Off                ;
; Allow Any RAM Size For Recognition                                              ; Off                ; Off                ;
; Allow Any ROM Size For Recognition                                              ; Off                ; Off                ;
; Allow Any Shift Register Size For Recognition                                   ; Off                ; Off                ;
; Use LogicLock Constraints during Resource Balancing                             ; On                 ; On                 ;
; Ignore translate_off and synthesis_off directives                               ; Off                ; Off                ;
; Timing-Driven Synthesis                                                         ; On                 ; On                 ;
; Report Parameter Settings                                                       ; On                 ; On                 ;
; Report Source Assignments                                                       ; On                 ; On                 ;
; Report Connectivity Checks                                                      ; On                 ; On                 ;
; Ignore Maximum Fan-Out Assignments                                              ; Off                ; Off                ;
; Synchronization Register Chain Length                                           ; 3                  ; 3                  ;
; Power Optimization During Synthesis                                             ; Normal compilation ; Normal compilation ;
; HDL message level                                                               ; Level2             ; Level2             ;
; Suppress Register Optimization Related Messages                                 ; Off                ; Off                ;
; Number of Removed Registers Reported in Synthesis Report                        ; 5000               ; 5000               ;
; Number of Swept Nodes Reported in Synthesis Report                              ; 5000               ; 5000               ;
; Number of Inverted Registers Reported in Synthesis Report                       ; 100                ; 100                ;
; Clock MUX Protection                                                            ; On                 ; On                 ;
; Auto Gated Clock Conversion                                                     ; Off                ; Off                ;
; Block Design Naming                                                             ; Auto               ; Auto               ;
; SDC constraint protection                                                       ; Off                ; Off                ;
; Synthesis Effort                                                                ; Auto               ; Auto               ;
; Shift Register Replacement - Allow Asynchronous Clear Signal                    ; On                 ; On                 ;
; Pre-Mapping Resynthesis Optimization                                            ; Off                ; Off                ;
; Analysis & Synthesis Message Level                                              ; Medium             ; Medium             ;
; Disable Register Merging Across Hierarchies                                     ; Auto               ; Auto               ;
; Resource Aware Inference For Block RAM                                          ; On                 ; On                 ;
; Automatic Parallel Synthesis                                                    ; On                 ; On                 ;
; Partial Reconfiguration Bitstream ID                                            ; Off                ; Off                ;
+---------------------------------------------------------------------------------+--------------------+--------------------+


+------------------------------------------------------------------------------------------------------------------------------------------------------------------------------------------------------------+
; Port Connectivity Checks: "demultiplekser_wyjsc:demultiplekser_wyjsc_wire"                                                                                                                                 ;
+------+-------+----------+----------------------------------------------------------------------------------------------------------------------------------------------------------------------------------+
; Port ; Type  ; Severity ; Details                                                                                                                                                                          ;
+------+-------+----------+----------------------------------------------------------------------------------------------------------------------------------------------------------------------------------+
; sel  ; Input ; Warning  ; Input port expression (8 bits) is wider than the input port (3 bits) it drives.  The 5 most-significant bit(s) in the expression will be dangling if they have no other fanouts. ;
+------+-------+----------+----------------------------------------------------------------------------------------------------------------------------------------------------------------------------------+


+------------------------------------------------------------------------------------------------------------------------------------------------------------------------------------------------------------+
; Port Connectivity Checks: "multiplekser_wejsc:multiplekser_wejsc_wire"                                                                                                                                     ;
+------+-------+----------+----------------------------------------------------------------------------------------------------------------------------------------------------------------------------------+
; Port ; Type  ; Severity ; Details                                                                                                                                                                          ;
+------+-------+----------+----------------------------------------------------------------------------------------------------------------------------------------------------------------------------------+
; sel  ; Input ; Warning  ; Input port expression (8 bits) is wider than the input port (3 bits) it drives.  The 5 most-significant bit(s) in the expression will be dangling if they have no other fanouts. ;
+------+-------+----------+----------------------------------------------------------------------------------------------------------------------------------------------------------------------------------+


+------------------------------------------------------------------------------------------------------------------------------------------------------------------------------------------------------------+
; Port Connectivity Checks: "mux_rejestr:mux_rejestr_wire"                                                                                                                                                   ;
+------+-------+----------+----------------------------------------------------------------------------------------------------------------------------------------------------------------------------------+
; Port ; Type  ; Severity ; Details                                                                                                                                                                          ;
+------+-------+----------+----------------------------------------------------------------------------------------------------------------------------------------------------------------------------------+
; sel  ; Input ; Warning  ; Input port expression (8 bits) is wider than the input port (3 bits) it drives.  The 5 most-significant bit(s) in the expression will be dangling if they have no other fanouts. ;
+------+-------+----------+----------------------------------------------------------------------------------------------------------------------------------------------------------------------------------+


+------------------------------------------------------------------------------------------------------------------------------------------------------------------------------------------------------------+
; Port Connectivity Checks: "demux_rejestr:demux_rejestr_wire"                                                                                                                                               ;
+------+-------+----------+----------------------------------------------------------------------------------------------------------------------------------------------------------------------------------+
; Port ; Type  ; Severity ; Details                                                                                                                                                                          ;
+------+-------+----------+----------------------------------------------------------------------------------------------------------------------------------------------------------------------------------+
; sel  ; Input ; Warning  ; Input port expression (8 bits) is wider than the input port (3 bits) it drives.  The 5 most-significant bit(s) in the expression will be dangling if they have no other fanouts. ;
+------+-------+----------+----------------------------------------------------------------------------------------------------------------------------------------------------------------------------------+


+---------------------------------+
; Analysis & Elaboration Messages ;
+---------------------------------+
Info: *******************************************************************
Info: Running Quartus Prime Analysis & Elaboration
    Info: Version 22.1std.1 Build 917 02/14/2023 SC Lite Edition
    Info: Processing started: Mon Dec  4 20:51:04 2023
Info: Command: quartus_map --read_settings_files=on --write_settings_files=off procesor_1 -c procesor_1 --analysis_and_elaboration
Warning (18236): Number of processors has not been specified which may cause overloading on shared machines.  Set the global assignment NUM_PARALLEL_PROCESSORS in your QSF to an appropriate value for best performance.
Info (20030): Parallel compilation is enabled and will use 6 of the 6 processors detected
Info (12021): Found 1 design units, including 1 entities, in source file src/wyjscie.v
    Info (12023): Found entity 1: wyjscie File: D:/Programy/Quartus-lite-22.1std.1.917-windows/projects/Projekt_uP_PLC/src/wyjscie.v Line: 1
Info (12021): Found 1 design units, including 1 entities, in source file src/rom.v
    Info (12023): Found entity 1: rom File: D:/Programy/Quartus-lite-22.1std.1.917-windows/projects/Projekt_uP_PLC/src/rom.v Line: 1
Info (12021): Found 1 design units, including 1 entities, in source file src/rf.v
    Info (12023): Found entity 1: rf File: D:/Programy/Quartus-lite-22.1std.1.917-windows/projects/Projekt_uP_PLC/src/rf.v Line: 1
Info (12021): Found 1 design units, including 1 entities, in source file src/rejestr_wejsc_wyjsc.v
    Info (12023): Found entity 1: rejestr_wejsc_wyjsc File: D:/Programy/Quartus-lite-22.1std.1.917-windows/projects/Projekt_uP_PLC/src/rejestr_wejsc_wyjsc.v Line: 1
Info (12021): Found 1 design units, including 1 entities, in source file src/rejestr_wejsc.v
    Info (12023): Found entity 1: rejestr_wejsc File: D:/Programy/Quartus-lite-22.1std.1.917-windows/projects/Projekt_uP_PLC/src/rejestr_wejsc.v Line: 1
Info (12021): Found 1 design units, including 1 entities, in source file src/procesor_1.v
    Info (12023): Found entity 1: procesor_1 File: D:/Programy/Quartus-lite-22.1std.1.917-windows/projects/Projekt_uP_PLC/src/procesor_1.v Line: 1
Info (12021): Found 1 design units, including 1 entities, in source file src/pamiec.v
    Info (12023): Found entity 1: pamiec File: D:/Programy/Quartus-lite-22.1std.1.917-windows/projects/Projekt_uP_PLC/src/pamiec.v Line: 1
Info (12021): Found 1 design units, including 1 entities, in source file src/mux_rejestr.v
    Info (12023): Found entity 1: mux_rejestr File: D:/Programy/Quartus-lite-22.1std.1.917-windows/projects/Projekt_uP_PLC/src/mux_rejestr.v Line: 1
Info (12021): Found 1 design units, including 1 entities, in source file src/multiplekser4na1.v
    Info (12023): Found entity 1: multiplekser4na1 File: D:/Programy/Quartus-lite-22.1std.1.917-windows/projects/Projekt_uP_PLC/src/multiplekser4na1.v Line: 1
Info (12021): Found 1 design units, including 1 entities, in source file src/multiplekser3na1.v
    Info (12023): Found entity 1: multiplekser3na1 File: D:/Programy/Quartus-lite-22.1std.1.917-windows/projects/Projekt_uP_PLC/src/multiplekser3na1.v Line: 1
Info (12021): Found 1 design units, including 1 entities, in source file src/multiplekser_wejsc.v
    Info (12023): Found entity 1: multiplekser_wejsc File: D:/Programy/Quartus-lite-22.1std.1.917-windows/projects/Projekt_uP_PLC/src/multiplekser_wejsc.v Line: 1
Info (12021): Found 1 design units, including 1 entities, in source file src/multiplekser.v
    Info (12023): Found entity 1: multiplekser File: D:/Programy/Quartus-lite-22.1std.1.917-windows/projects/Projekt_uP_PLC/src/multiplekser.v Line: 1
Info (12021): Found 1 design units, including 1 entities, in source file src/licznik.v
    Info (12023): Found entity 1: licznik File: D:/Programy/Quartus-lite-22.1std.1.917-windows/projects/Projekt_uP_PLC/src/licznik.v Line: 1
Warning (10229): Verilog HDL Expression warning at demux_rejestr.v(33): truncated literal to match 1 bits File: D:/Programy/Quartus-lite-22.1std.1.917-windows/projects/Projekt_uP_PLC/src/demux_rejestr.v Line: 33
Warning (10229): Verilog HDL Expression warning at demux_rejestr.v(44): truncated literal to match 1 bits File: D:/Programy/Quartus-lite-22.1std.1.917-windows/projects/Projekt_uP_PLC/src/demux_rejestr.v Line: 44
Warning (10229): Verilog HDL Expression warning at demux_rejestr.v(55): truncated literal to match 1 bits File: D:/Programy/Quartus-lite-22.1std.1.917-windows/projects/Projekt_uP_PLC/src/demux_rejestr.v Line: 55
Warning (10229): Verilog HDL Expression warning at demux_rejestr.v(66): truncated literal to match 1 bits File: D:/Programy/Quartus-lite-22.1std.1.917-windows/projects/Projekt_uP_PLC/src/demux_rejestr.v Line: 66
Warning (10229): Verilog HDL Expression warning at demux_rejestr.v(77): truncated literal to match 1 bits File: D:/Programy/Quartus-lite-22.1std.1.917-windows/projects/Projekt_uP_PLC/src/demux_rejestr.v Line: 77
Warning (10229): Verilog HDL Expression warning at demux_rejestr.v(88): truncated literal to match 1 bits File: D:/Programy/Quartus-lite-22.1std.1.917-windows/projects/Projekt_uP_PLC/src/demux_rejestr.v Line: 88
Info (12021): Found 1 design units, including 1 entities, in source file src/demux_rejestr.v
    Info (12023): Found entity 1: demux_rejestr File: D:/Programy/Quartus-lite-22.1std.1.917-windows/projects/Projekt_uP_PLC/src/demux_rejestr.v Line: 1
Warning (10229): Verilog HDL Expression warning at demultiplekser_wyjsc.v(26): truncated literal to match 1 bits File: D:/Programy/Quartus-lite-22.1std.1.917-windows/projects/Projekt_uP_PLC/src/demultiplekser_wyjsc.v Line: 26
Warning (10229): Verilog HDL Expression warning at demultiplekser_wyjsc.v(30): truncated literal to match 1 bits File: D:/Programy/Quartus-lite-22.1std.1.917-windows/projects/Projekt_uP_PLC/src/demultiplekser_wyjsc.v Line: 30
Warning (10229): Verilog HDL Expression warning at demultiplekser_wyjsc.v(34): truncated literal to match 1 bits File: D:/Programy/Quartus-lite-22.1std.1.917-windows/projects/Projekt_uP_PLC/src/demultiplekser_wyjsc.v Line: 34
Warning (10229): Verilog HDL Expression warning at demultiplekser_wyjsc.v(38): truncated literal to match 1 bits File: D:/Programy/Quartus-lite-22.1std.1.917-windows/projects/Projekt_uP_PLC/src/demultiplekser_wyjsc.v Line: 38
Warning (10229): Verilog HDL Expression warning at demultiplekser_wyjsc.v(42): truncated literal to match 1 bits File: D:/Programy/Quartus-lite-22.1std.1.917-windows/projects/Projekt_uP_PLC/src/demultiplekser_wyjsc.v Line: 42
Warning (10229): Verilog HDL Expression warning at demultiplekser_wyjsc.v(46): truncated literal to match 1 bits File: D:/Programy/Quartus-lite-22.1std.1.917-windows/projects/Projekt_uP_PLC/src/demultiplekser_wyjsc.v Line: 46
Info (12021): Found 1 design units, including 1 entities, in source file src/demultiplekser_wyjsc.v
    Info (12023): Found entity 1: demultiplekser_wyjsc File: D:/Programy/Quartus-lite-22.1std.1.917-windows/projects/Projekt_uP_PLC/src/demultiplekser_wyjsc.v Line: 1
Info (12021): Found 1 design units, including 1 entities, in source file src/dekoder.v
    Info (12023): Found entity 1: dekoder File: D:/Programy/Quartus-lite-22.1std.1.917-windows/projects/Projekt_uP_PLC/src/dekoder.v Line: 1
Info (12021): Found 1 design units, including 1 entities, in source file src/alu.v
    Info (12023): Found entity 1: alu File: D:/Programy/Quartus-lite-22.1std.1.917-windows/projects/Projekt_uP_PLC/src/alu.v Line: 1
Info (12021): Found 1 design units, including 1 entities, in source file src/akumulator.v
    Info (12023): Found entity 1: akumulator File: D:/Programy/Quartus-lite-22.1std.1.917-windows/projects/Projekt_uP_PLC/src/akumulator.v Line: 1
Info (12127): Elaborating entity "procesor_1" for the top level hierarchy
Info (12128): Elaborating entity "licznik" for hierarchy "licznik:licznik_wire" File: D:/Programy/Quartus-lite-22.1std.1.917-windows/projects/Projekt_uP_PLC/src/procesor_1.v Line: 72
Info (12128): Elaborating entity "rom" for hierarchy "rom:rom_wire" File: D:/Programy/Quartus-lite-22.1std.1.917-windows/projects/Projekt_uP_PLC/src/procesor_1.v Line: 78
Info (12128): Elaborating entity "dekoder" for hierarchy "dekoder:dekoder_wire" File: D:/Programy/Quartus-lite-22.1std.1.917-windows/projects/Projekt_uP_PLC/src/procesor_1.v Line: 93
Info (12128): Elaborating entity "akumulator" for hierarchy "akumulator:akumulator_wire" File: D:/Programy/Quartus-lite-22.1std.1.917-windows/projects/Projekt_uP_PLC/src/procesor_1.v Line: 100
Info (12128): Elaborating entity "alu" for hierarchy "alu:alu_wire" File: D:/Programy/Quartus-lite-22.1std.1.917-windows/projects/Projekt_uP_PLC/src/procesor_1.v Line: 107
Warning (10240): Verilog HDL Always Construct warning at alu.v(10): inferring latch(es) for variable "out", which holds its previous value in one or more paths through the always construct File: D:/Programy/Quartus-lite-22.1std.1.917-windows/projects/Projekt_uP_PLC/src/alu.v Line: 10
Info (10041): Inferred latch for "out[0]" at alu.v(10) File: D:/Programy/Quartus-lite-22.1std.1.917-windows/projects/Projekt_uP_PLC/src/alu.v Line: 10
Info (10041): Inferred latch for "out[1]" at alu.v(10) File: D:/Programy/Quartus-lite-22.1std.1.917-windows/projects/Projekt_uP_PLC/src/alu.v Line: 10
Info (10041): Inferred latch for "out[2]" at alu.v(10) File: D:/Programy/Quartus-lite-22.1std.1.917-windows/projects/Projekt_uP_PLC/src/alu.v Line: 10
Info (10041): Inferred latch for "out[3]" at alu.v(10) File: D:/Programy/Quartus-lite-22.1std.1.917-windows/projects/Projekt_uP_PLC/src/alu.v Line: 10
Info (10041): Inferred latch for "out[4]" at alu.v(10) File: D:/Programy/Quartus-lite-22.1std.1.917-windows/projects/Projekt_uP_PLC/src/alu.v Line: 10
Info (10041): Inferred latch for "out[5]" at alu.v(10) File: D:/Programy/Quartus-lite-22.1std.1.917-windows/projects/Projekt_uP_PLC/src/alu.v Line: 10
Info (10041): Inferred latch for "out[6]" at alu.v(10) File: D:/Programy/Quartus-lite-22.1std.1.917-windows/projects/Projekt_uP_PLC/src/alu.v Line: 10
Info (10041): Inferred latch for "out[7]" at alu.v(10) File: D:/Programy/Quartus-lite-22.1std.1.917-windows/projects/Projekt_uP_PLC/src/alu.v Line: 10
Info (12128): Elaborating entity "demux_rejestr" for hierarchy "demux_rejestr:demux_rejestr_wire" File: D:/Programy/Quartus-lite-22.1std.1.917-windows/projects/Projekt_uP_PLC/src/procesor_1.v Line: 114
Warning (10272): Verilog HDL Case Statement warning at demux_rejestr.v(33): case item expression covers a value already covered by a previous case item File: D:/Programy/Quartus-lite-22.1std.1.917-windows/projects/Projekt_uP_PLC/src/demux_rejestr.v Line: 33
Warning (10272): Verilog HDL Case Statement warning at demux_rejestr.v(44): case item expression covers a value already covered by a previous case item File: D:/Programy/Quartus-lite-22.1std.1.917-windows/projects/Projekt_uP_PLC/src/demux_rejestr.v Line: 44
Warning (10272): Verilog HDL Case Statement warning at demux_rejestr.v(55): case item expression covers a value already covered by a previous case item File: D:/Programy/Quartus-lite-22.1std.1.917-windows/projects/Projekt_uP_PLC/src/demux_rejestr.v Line: 55
Warning (10272): Verilog HDL Case Statement warning at demux_rejestr.v(66): case item expression covers a value already covered by a previous case item File: D:/Programy/Quartus-lite-22.1std.1.917-windows/projects/Projekt_uP_PLC/src/demux_rejestr.v Line: 66
Warning (10272): Verilog HDL Case Statement warning at demux_rejestr.v(77): case item expression covers a value already covered by a previous case item File: D:/Programy/Quartus-lite-22.1std.1.917-windows/projects/Projekt_uP_PLC/src/demux_rejestr.v Line: 77
Warning (10272): Verilog HDL Case Statement warning at demux_rejestr.v(88): case item expression covers a value already covered by a previous case item File: D:/Programy/Quartus-lite-22.1std.1.917-windows/projects/Projekt_uP_PLC/src/demux_rejestr.v Line: 88
Info (12128): Elaborating entity "mux_rejestr" for hierarchy "mux_rejestr:mux_rejestr_wire" File: D:/Programy/Quartus-lite-22.1std.1.917-windows/projects/Projekt_uP_PLC/src/procesor_1.v Line: 128
Info (12128): Elaborating entity "rf" for hierarchy "rf:rf_wire_0" File: D:/Programy/Quartus-lite-22.1std.1.917-windows/projects/Projekt_uP_PLC/src/procesor_1.v Line: 135
Info (12128): Elaborating entity "pamiec" for hierarchy "pamiec:pamiec_wire" File: D:/Programy/Quartus-lite-22.1std.1.917-windows/projects/Projekt_uP_PLC/src/procesor_1.v Line: 191
Warning (10240): Verilog HDL Always Construct warning at pamiec.v(12): inferring latch(es) for variable "wyjscie", which holds its previous value in one or more paths through the always construct File: D:/Programy/Quartus-lite-22.1std.1.917-windows/projects/Projekt_uP_PLC/src/pamiec.v Line: 12
Info (10041): Inferred latch for "wyjscie[0]" at pamiec.v(12) File: D:/Programy/Quartus-lite-22.1std.1.917-windows/projects/Projekt_uP_PLC/src/pamiec.v Line: 12
Info (10041): Inferred latch for "wyjscie[1]" at pamiec.v(12) File: D:/Programy/Quartus-lite-22.1std.1.917-windows/projects/Projekt_uP_PLC/src/pamiec.v Line: 12
Info (10041): Inferred latch for "wyjscie[2]" at pamiec.v(12) File: D:/Programy/Quartus-lite-22.1std.1.917-windows/projects/Projekt_uP_PLC/src/pamiec.v Line: 12
Info (10041): Inferred latch for "wyjscie[3]" at pamiec.v(12) File: D:/Programy/Quartus-lite-22.1std.1.917-windows/projects/Projekt_uP_PLC/src/pamiec.v Line: 12
Info (10041): Inferred latch for "wyjscie[4]" at pamiec.v(12) File: D:/Programy/Quartus-lite-22.1std.1.917-windows/projects/Projekt_uP_PLC/src/pamiec.v Line: 12
Info (10041): Inferred latch for "wyjscie[5]" at pamiec.v(12) File: D:/Programy/Quartus-lite-22.1std.1.917-windows/projects/Projekt_uP_PLC/src/pamiec.v Line: 12
Info (10041): Inferred latch for "wyjscie[6]" at pamiec.v(12) File: D:/Programy/Quartus-lite-22.1std.1.917-windows/projects/Projekt_uP_PLC/src/pamiec.v Line: 12
Info (10041): Inferred latch for "wyjscie[7]" at pamiec.v(12) File: D:/Programy/Quartus-lite-22.1std.1.917-windows/projects/Projekt_uP_PLC/src/pamiec.v Line: 12
Info (12128): Elaborating entity "multiplekser4na1" for hierarchy "multiplekser4na1:multiplekser4na1_wire" File: D:/Programy/Quartus-lite-22.1std.1.917-windows/projects/Projekt_uP_PLC/src/procesor_1.v Line: 200
Info (12128): Elaborating entity "rejestr_wejsc_wyjsc" for hierarchy "rejestr_wejsc_wyjsc:rejestr_wejsc_wire" File: D:/Programy/Quartus-lite-22.1std.1.917-windows/projects/Projekt_uP_PLC/src/procesor_1.v Line: 221
Info (12128): Elaborating entity "multiplekser_wejsc" for hierarchy "multiplekser_wejsc:multiplekser_wejsc_wire" File: D:/Programy/Quartus-lite-22.1std.1.917-windows/projects/Projekt_uP_PLC/src/procesor_1.v Line: 234
Info (12128): Elaborating entity "demultiplekser_wyjsc" for hierarchy "demultiplekser_wyjsc:demultiplekser_wyjsc_wire" File: D:/Programy/Quartus-lite-22.1std.1.917-windows/projects/Projekt_uP_PLC/src/procesor_1.v Line: 248
Warning (10235): Verilog HDL Always Construct warning at demultiplekser_wyjsc.v(17): variable "sel" is read inside the Always Construct but isn't in the Always Construct's Event Control File: D:/Programy/Quartus-lite-22.1std.1.917-windows/projects/Projekt_uP_PLC/src/demultiplekser_wyjsc.v Line: 17
Warning (10235): Verilog HDL Always Construct warning at demultiplekser_wyjsc.v(20): variable "in" is read inside the Always Construct but isn't in the Always Construct's Event Control File: D:/Programy/Quartus-lite-22.1std.1.917-windows/projects/Projekt_uP_PLC/src/demultiplekser_wyjsc.v Line: 20
Warning (10235): Verilog HDL Always Construct warning at demultiplekser_wyjsc.v(24): variable "in" is read inside the Always Construct but isn't in the Always Construct's Event Control File: D:/Programy/Quartus-lite-22.1std.1.917-windows/projects/Projekt_uP_PLC/src/demultiplekser_wyjsc.v Line: 24
Warning (10235): Verilog HDL Always Construct warning at demultiplekser_wyjsc.v(28): variable "in" is read inside the Always Construct but isn't in the Always Construct's Event Control File: D:/Programy/Quartus-lite-22.1std.1.917-windows/projects/Projekt_uP_PLC/src/demultiplekser_wyjsc.v Line: 28
Warning (10235): Verilog HDL Always Construct warning at demultiplekser_wyjsc.v(32): variable "in" is read inside the Always Construct but isn't in the Always Construct's Event Control File: D:/Programy/Quartus-lite-22.1std.1.917-windows/projects/Projekt_uP_PLC/src/demultiplekser_wyjsc.v Line: 32
Warning (10235): Verilog HDL Always Construct warning at demultiplekser_wyjsc.v(36): variable "in" is read inside the Always Construct but isn't in the Always Construct's Event Control File: D:/Programy/Quartus-lite-22.1std.1.917-windows/projects/Projekt_uP_PLC/src/demultiplekser_wyjsc.v Line: 36
Warning (10235): Verilog HDL Always Construct warning at demultiplekser_wyjsc.v(40): variable "in" is read inside the Always Construct but isn't in the Always Construct's Event Control File: D:/Programy/Quartus-lite-22.1std.1.917-windows/projects/Projekt_uP_PLC/src/demultiplekser_wyjsc.v Line: 40
Warning (10235): Verilog HDL Always Construct warning at demultiplekser_wyjsc.v(44): variable "in" is read inside the Always Construct but isn't in the Always Construct's Event Control File: D:/Programy/Quartus-lite-22.1std.1.917-windows/projects/Projekt_uP_PLC/src/demultiplekser_wyjsc.v Line: 44
Warning (10235): Verilog HDL Always Construct warning at demultiplekser_wyjsc.v(48): variable "in" is read inside the Always Construct but isn't in the Always Construct's Event Control File: D:/Programy/Quartus-lite-22.1std.1.917-windows/projects/Projekt_uP_PLC/src/demultiplekser_wyjsc.v Line: 48
Warning (10235): Verilog HDL Always Construct warning at demultiplekser_wyjsc.v(52): variable "in" is read inside the Always Construct but isn't in the Always Construct's Event Control File: D:/Programy/Quartus-lite-22.1std.1.917-windows/projects/Projekt_uP_PLC/src/demultiplekser_wyjsc.v Line: 52
Warning (10272): Verilog HDL Case Statement warning at demultiplekser_wyjsc.v(26): case item expression covers a value already covered by a previous case item File: D:/Programy/Quartus-lite-22.1std.1.917-windows/projects/Projekt_uP_PLC/src/demultiplekser_wyjsc.v Line: 26
Warning (10272): Verilog HDL Case Statement warning at demultiplekser_wyjsc.v(30): case item expression covers a value already covered by a previous case item File: D:/Programy/Quartus-lite-22.1std.1.917-windows/projects/Projekt_uP_PLC/src/demultiplekser_wyjsc.v Line: 30
Warning (10272): Verilog HDL Case Statement warning at demultiplekser_wyjsc.v(34): case item expression covers a value already covered by a previous case item File: D:/Programy/Quartus-lite-22.1std.1.917-windows/projects/Projekt_uP_PLC/src/demultiplekser_wyjsc.v Line: 34
Warning (10272): Verilog HDL Case Statement warning at demultiplekser_wyjsc.v(38): case item expression covers a value already covered by a previous case item File: D:/Programy/Quartus-lite-22.1std.1.917-windows/projects/Projekt_uP_PLC/src/demultiplekser_wyjsc.v Line: 38
Warning (10272): Verilog HDL Case Statement warning at demultiplekser_wyjsc.v(42): case item expression covers a value already covered by a previous case item File: D:/Programy/Quartus-lite-22.1std.1.917-windows/projects/Projekt_uP_PLC/src/demultiplekser_wyjsc.v Line: 42
Warning (10272): Verilog HDL Case Statement warning at demultiplekser_wyjsc.v(46): case item expression covers a value already covered by a previous case item File: D:/Programy/Quartus-lite-22.1std.1.917-windows/projects/Projekt_uP_PLC/src/demultiplekser_wyjsc.v Line: 46
Warning (10240): Verilog HDL Always Construct warning at demultiplekser_wyjsc.v(15): inferring latch(es) for variable "out0", which holds its previous value in one or more paths through the always construct File: D:/Programy/Quartus-lite-22.1std.1.917-windows/projects/Projekt_uP_PLC/src/demultiplekser_wyjsc.v Line: 15
Warning (10240): Verilog HDL Always Construct warning at demultiplekser_wyjsc.v(15): inferring latch(es) for variable "out1", which holds its previous value in one or more paths through the always construct File: D:/Programy/Quartus-lite-22.1std.1.917-windows/projects/Projekt_uP_PLC/src/demultiplekser_wyjsc.v Line: 15
Warning (10034): Output port "out2" at demultiplekser_wyjsc.v(7) has no driver File: D:/Programy/Quartus-lite-22.1std.1.917-windows/projects/Projekt_uP_PLC/src/demultiplekser_wyjsc.v Line: 7
Warning (10034): Output port "out3" at demultiplekser_wyjsc.v(8) has no driver File: D:/Programy/Quartus-lite-22.1std.1.917-windows/projects/Projekt_uP_PLC/src/demultiplekser_wyjsc.v Line: 8
Warning (10034): Output port "out4" at demultiplekser_wyjsc.v(9) has no driver File: D:/Programy/Quartus-lite-22.1std.1.917-windows/projects/Projekt_uP_PLC/src/demultiplekser_wyjsc.v Line: 9
Warning (10034): Output port "out5" at demultiplekser_wyjsc.v(10) has no driver File: D:/Programy/Quartus-lite-22.1std.1.917-windows/projects/Projekt_uP_PLC/src/demultiplekser_wyjsc.v Line: 10
Warning (10034): Output port "out6" at demultiplekser_wyjsc.v(11) has no driver File: D:/Programy/Quartus-lite-22.1std.1.917-windows/projects/Projekt_uP_PLC/src/demultiplekser_wyjsc.v Line: 11
Warning (10034): Output port "out7" at demultiplekser_wyjsc.v(13) has no driver File: D:/Programy/Quartus-lite-22.1std.1.917-windows/projects/Projekt_uP_PLC/src/demultiplekser_wyjsc.v Line: 13
Info (10041): Inferred latch for "out1[0]" at demultiplekser_wyjsc.v(15) File: D:/Programy/Quartus-lite-22.1std.1.917-windows/projects/Projekt_uP_PLC/src/demultiplekser_wyjsc.v Line: 15
Info (10041): Inferred latch for "out1[1]" at demultiplekser_wyjsc.v(15) File: D:/Programy/Quartus-lite-22.1std.1.917-windows/projects/Projekt_uP_PLC/src/demultiplekser_wyjsc.v Line: 15
Info (10041): Inferred latch for "out1[2]" at demultiplekser_wyjsc.v(15) File: D:/Programy/Quartus-lite-22.1std.1.917-windows/projects/Projekt_uP_PLC/src/demultiplekser_wyjsc.v Line: 15
Info (10041): Inferred latch for "out1[3]" at demultiplekser_wyjsc.v(15) File: D:/Programy/Quartus-lite-22.1std.1.917-windows/projects/Projekt_uP_PLC/src/demultiplekser_wyjsc.v Line: 15
Info (10041): Inferred latch for "out1[4]" at demultiplekser_wyjsc.v(15) File: D:/Programy/Quartus-lite-22.1std.1.917-windows/projects/Projekt_uP_PLC/src/demultiplekser_wyjsc.v Line: 15
Info (10041): Inferred latch for "out1[5]" at demultiplekser_wyjsc.v(15) File: D:/Programy/Quartus-lite-22.1std.1.917-windows/projects/Projekt_uP_PLC/src/demultiplekser_wyjsc.v Line: 15
Info (10041): Inferred latch for "out1[6]" at demultiplekser_wyjsc.v(15) File: D:/Programy/Quartus-lite-22.1std.1.917-windows/projects/Projekt_uP_PLC/src/demultiplekser_wyjsc.v Line: 15
Info (10041): Inferred latch for "out1[7]" at demultiplekser_wyjsc.v(15) File: D:/Programy/Quartus-lite-22.1std.1.917-windows/projects/Projekt_uP_PLC/src/demultiplekser_wyjsc.v Line: 15
Info (10041): Inferred latch for "out0[0]" at demultiplekser_wyjsc.v(15) File: D:/Programy/Quartus-lite-22.1std.1.917-windows/projects/Projekt_uP_PLC/src/demultiplekser_wyjsc.v Line: 15
Info (10041): Inferred latch for "out0[1]" at demultiplekser_wyjsc.v(15) File: D:/Programy/Quartus-lite-22.1std.1.917-windows/projects/Projekt_uP_PLC/src/demultiplekser_wyjsc.v Line: 15
Info (10041): Inferred latch for "out0[2]" at demultiplekser_wyjsc.v(15) File: D:/Programy/Quartus-lite-22.1std.1.917-windows/projects/Projekt_uP_PLC/src/demultiplekser_wyjsc.v Line: 15
Info (10041): Inferred latch for "out0[3]" at demultiplekser_wyjsc.v(15) File: D:/Programy/Quartus-lite-22.1std.1.917-windows/projects/Projekt_uP_PLC/src/demultiplekser_wyjsc.v Line: 15
Info (10041): Inferred latch for "out0[4]" at demultiplekser_wyjsc.v(15) File: D:/Programy/Quartus-lite-22.1std.1.917-windows/projects/Projekt_uP_PLC/src/demultiplekser_wyjsc.v Line: 15
Info (10041): Inferred latch for "out0[5]" at demultiplekser_wyjsc.v(15) File: D:/Programy/Quartus-lite-22.1std.1.917-windows/projects/Projekt_uP_PLC/src/demultiplekser_wyjsc.v Line: 15
Info (10041): Inferred latch for "out0[6]" at demultiplekser_wyjsc.v(15) File: D:/Programy/Quartus-lite-22.1std.1.917-windows/projects/Projekt_uP_PLC/src/demultiplekser_wyjsc.v Line: 15
Info (10041): Inferred latch for "out0[7]" at demultiplekser_wyjsc.v(15) File: D:/Programy/Quartus-lite-22.1std.1.917-windows/projects/Projekt_uP_PLC/src/demultiplekser_wyjsc.v Line: 15
Warning (12241): 4 hierarchies have connectivity warnings - see the Connectivity Checks report folder
Info: Quartus Prime Analysis & Elaboration was successful. 0 errors, 46 warnings
    Info: Peak virtual memory: 4778 megabytes
    Info: Processing ended: Mon Dec  4 20:51:16 2023
    Info: Elapsed time: 00:00:12
    Info: Total CPU time (on all processors): 00:00:25


